#
# A fatal error has been detected by the Java Runtime Environment:
#
#  SIGBUS (0x7) at pc=0x00007f5ad103ba85, pid=21042, tid=0x00007f5ad16cc700
#
# JRE version: OpenJDK Runtime Environment (8.0_232-b09) (build 1.8.0_232-8u232-b09-0ubuntu1~16.04.1-b09)
# Java VM: OpenJDK 64-Bit Server VM (25.232-b09 mixed mode linux-amd64 compressed oops)
# Problematic frame:
# C  [libc.so.6+0x14da85]
#
# Failed to write core dump. Core dumps have been disabled. To enable core dumping, try "ulimit -c unlimited" before starting Java again
#
# If you would like to submit a bug report, please visit:
#   http://bugreport.java.com/bugreport/crash.jsp
#

---------------  T H R E A D  ---------------

Current thread (0x00007f5ac801e000):  JavaThread "main" [_thread_in_vm, id=21051, stack(0x00007f5ad15cc000,0x00007f5ad16cd000)]

siginfo: si_signo: 7 (SIGBUS), si_code: 2 (BUS_ADRERR), si_addr: 0x00007f5a9d51203f

Registers:
RAX=0x000000076f0ffe00, RBX=0x00007f5ac801e000, RCX=0x000000076f0ffe00, RDX=0x000000000000004e
RSP=0x00007f5ad16cad48, RBP=0x00007f5ad16cad90, RSI=0x00007f5a9d51203f, RDI=0x000000076f0ffe00
R8 =0x00007f5ad16cae68, R9 =0x0000000000000010, R10=0x00007f5ab90183fb, R11=0x00007f5ad02ce970
R12=0x0000000000000000, R13=0x000000000000004e, R14=0x00007f5ad16cae68, R15=0x0000000000000010
RIP=0x00007f5ad103ba85, EFLAGS=0x0000000000010202, CSGSFS=0x002b000000000033, ERR=0x0000000000000004
  TRAPNO=0x000000000000000e

Top of Stack: (sp=0x00007f5ad16cad48)
0x00007f5ad16cad48:   00007f5ad03a8df5 00007f5ad16cb110
0x00007f5ad16cad58:   00007f5a9d51203f 00007f5ad16cad90
0x00007f5ad16cad68:   00007f5ab887fdd0 0000000000000000
0x00007f5ad16cad78:   00007f5ab887fdd0 00007f5ad16cae88
0x00007f5ad16cad88:   00007f5ac801e000 00007f5ad16cae28
0x00007f5ad16cad98:   00007f5ab9018427 000000000000004e
0x00007f5ad16cada8:   00007f5ac801e000 00007f5ad16caf40
0x00007f5ad16cadb8:   00007f5ad00f3608 00007f5ad16caf40
0x00007f5ad16cadc8:   00007f5ad00f343a 00007f5ad16cb190
0x00007f5ad16cadd8:   00007f5afffffff5 00007f5ad16cae10
0x00007f5ad16cade8:   00007f5ad16cade8 0000000000000000
0x00007f5ad16cadf8:   00007f5ad16cae88 00007f5ab88ad978
0x00007f5ad16cae08:   0000000000000000 00007f5ab887fdd0
0x00007f5ad16cae18:   0000000000000000 00007f5ad16cae48
0x00007f5ad16cae28:   00007f5ad16caed0 00007f5ab9007ffd
0x00007f5ad16cae38:   0000000000000000 00007f5ab9011a58
0x00007f5ad16cae48:   000000000000004e 00007f5ad16caf00
0x00007f5ad16cae58:   0000000000000010 0000000000000001
0x00007f5ad16cae68:   000000076f0ffdf0 00007f5a9d51203f
0x00007f5ad16cae78:   00007f5a0000001b 0000000000000000
0x00007f5ad16cae88:   000000076cd889b0 00007f5ad16cae90
0x00007f5ad16cae98:   00007f5ab8960782 00007f5ad16caf40
0x00007f5ad16caea8:   00007f5ab8961350 0000000000000000
0x00007f5ad16caeb8:   00007f5ab89607b0 00007f5ad16cae48
0x00007f5ad16caec8:   00007f5ad16caf00 00007f5ad16caf88
0x00007f5ad16caed8:   00007f5ab9007ffd 000000000000004e
0x00007f5ad16caee8:   0000000000000000 0000000000000010
0x00007f5ad16caef8:   0000000000000000 000000000000004e
0x00007f5ad16caf08:   0000000000000000 0000000000000000
0x00007f5ad16caf18:   0000000000000000 0000000000000010
0x00007f5ad16caf28:   00007f5ad16caf88 000000076f0ffdf0
0x00007f5ad16caf38:   00007f5a9d51203f 000000076e1f81d0 

Instructions: (pc=0x00007f5ad103ba85)
0x00007f5ad103ba65:   7a 7f 62 c0 c5 7a 7f 6a d0 c5 7a 7f 72 e0 c5 7a
0x00007f5ad103ba75:   7f 7a f0 c3 0f 1f 80 00 00 00 00 80 fa 40 72 5b
0x00007f5ad103ba85:   c5 fa 6f 06 48 8d 0c 16 c5 fa 6f 4e 10 c5 fa 6f
0x00007f5ad103ba95:   56 20 48 8d 14 17 c5 fa 6f 5e 30 c5 fa 6f 61 c0 

Register to memory mapping:

RAX=0x000000076f0ffe00 is an oop
